<?xml version="1.0" encoding="UTF-8"?>
<!-- Generated by org.testng.reporters.JUnitReportReporter -->
<testsuite ignored="0" hostname="ALVAREZDAVILAPC" failures="0" tests="1" name="pruebang.SelTestTest" time="5.765" errors="0" timestamp="20 abr. 2024 16:55:55 GMT" skipped="0">
  <testcase classname="pruebang.SelTestTest" name="test01" time="5.765"/>
</testsuite> <!-- pruebang.SelTestTest -->
